2019-08-16 09:58:15,950 Request returns 400 error!
2019-08-16 09:58:15,951 Instagram's error message: The username you entered doesn't appear to belong to an account. Please check your username and try again.
2019-08-16 09:58:15,951 Error type: invalid_user
2019-08-16 09:58:15,951 Username or password is incorrect.
2019-08-16 09:59:25,413 Request returns 400 error!
2019-08-16 09:59:25,413 Instagram's error message: The username you entered doesn't appear to belong to an account. Please check your username and try again.
2019-08-16 09:59:25,413 Error type: invalid_user
2019-08-16 09:59:25,414 Username or password is incorrect.
2019-08-16 10:01:16,087 Request returns 400 error!
2019-08-16 10:01:16,088 Instagram's error message: The username you entered doesn't appear to belong to an account. Please check your username and try again.
2019-08-16 10:01:16,088 Error type: invalid_user
2019-08-16 10:01:16,089 Username or password is incorrect.
2019-08-16 10:01:16,089 Photo does not have a compatible photo aspect ratio.
2019-08-16 10:01:26,110 Request returns 400 error!
2019-08-16 10:01:26,110 Instagram's error message: The username you entered doesn't appear to belong to an account. Please check your username and try again.
2019-08-16 10:01:26,110 Error type: invalid_user
2019-08-16 10:01:26,110 Username or password is incorrect.
2019-08-16 10:01:26,111 Photo does not have a compatible photo aspect ratio.
2019-08-16 10:02:07,992 Logged-in successfully as 'portia_res'!
2019-08-16 10:02:07,995 Photo does not have a compatible photo aspect ratio.
2019-08-16 10:02:15,994 Logged-in successfully as 'portia_res'!
2019-08-16 10:02:15,997 Photo does not have a compatible photo aspect ratio.
2019-08-16 10:07:13,874 Logged-in successfully as 'portia_res'!
2019-08-16 10:07:13,875 Photo does not have a compatible photo aspect ratio.
2019-08-16 10:08:13,143 Logged-in successfully as 'portia_res'!
2019-08-16 10:08:13,148 Photo does not have a compatible photo aspect ratio.
2019-08-16 10:10:29,042 Logged-in successfully as 'portia_res'!
2019-08-16 10:10:29,044 Photo does not have a compatible photo aspect ratio.
2019-08-16 10:10:59,446 Logged-in successfully as 'portia_res'!
2019-08-16 10:10:59,448 Photo does not have a compatible photo aspect ratio.
2019-08-16 10:43:05,671 Logged-in successfully as 'portia_res'!
2019-08-16 10:43:05,681 Photo does not have a compatible photo aspect ratio.
2019-08-16 10:43:35,209 Logged-in successfully as 'portia_res'!
2019-08-16 10:43:35,211 Photo does not have a compatible photo aspect ratio.
2019-08-16 12:47:54,657 Logged-in successfully as 'portia_res'!
2019-08-16 12:47:54,658 Photo does not have a compatible photo aspect ratio.
2019-08-16 12:48:20,749 Logged-in successfully as 'portia_res'!
2019-08-16 16:00:26,296 Logged-in successfully as 'portia_res'!
2019-08-16 16:00:26,297 Photo does not have a compatible photo aspect ratio.
2019-08-16 16:00:58,532 Logged-in successfully as 'portia_res'!
2019-08-16 16:00:58,533 Photo does not have a compatible photo aspect ratio.
